app/build/outputs/logs/manifest-merger-debug-report.txt
-- Merging decision tree log ---
manifest
ADDED from src/main/AndroidManifest.xml:2:1-68:12
	package
		ADDED from src/main/AndroidManifest.xml:3:5-52
		INJECTED from src/main/AndroidManifest.xml
		INJECTED from src/main/AndroidManifest.xml
	android:versionName
		ADDED from src/main/AndroidManifest.xml:5:5-30
		INJECTED from src/main/AndroidManifest.xml
		INJECTED from src/main/AndroidManifest.xml
	android:versionCode
		ADDED from src/main/AndroidManifest.xml:4:5-28
		INJECTED from src/main/AndroidManifest.xml
		INJECTED from src/main/AndroidManifest.xml
	xmlns:android
		ADDED from src/main/AndroidManifest.xml:2:11-69
uses-sdk
ADDED from src/main/AndroidManifest.xml:7:5-9:41
MERGED from [com.prolificinteractive:material-calendarview:1.1.0] AndroidManifest.xml:8:5-10:41
MERGED from [com.android.support:support-v4:23.1.1] AndroidManifest.xml:20:5-43
MERGED from [com.android.support:appcompat-v7:23.1.1] AndroidManifest.xml:20:5-43
MERGED from [com.android.support:support-v4:23.1.1] AndroidManifest.xml:20:5-43
MERGED from [com.android.support:design:23.1.1] AndroidManifest.xml:20:5-43
MERGED from [com.android.support:appcompat-v7:23.1.1] AndroidManifest.xml:20:5-43
MERGED from [com.android.support:support-v4:23.1.1] AndroidManifest.xml:20:5-43
MERGED from [com.android.support:recyclerview-v7:23.1.1] AndroidManifest.xml:20:5-43
MERGED from [com.android.support:support-v4:23.1.1] AndroidManifest.xml:20:5-43
MERGED from [com.android.support:support-v4:23.1.1] AndroidManifest.xml:20:5-43
MERGED from [com.mcxiaoke.volley:library-aar:1.0.0] AndroidManifest.xml:3:5-72
MERGED from [de.hdodenhof:circleimageview:2.1.0] AndroidManifest.xml:5:5-7:41
MERGED from [com.github.traex.rippleeffect:library:1.3] AndroidManifest.xml:8:5-10:41
	android:targetSdkVersion
		ADDED from src/main/AndroidManifest.xml:9:9-38
		INJECTED from src/main/AndroidManifest.xml
		INJECTED from src/main/AndroidManifest.xml
	android:minSdkVersion
		ADDED from src/main/AndroidManifest.xml:8:9-34
		INJECTED from src/main/AndroidManifest.xml
		INJECTED from src/main/AndroidManifest.xml
uses-permission#android.permission.INTERNET
ADDED from src/main/AndroidManifest.xml:11:5-67
	android:name
		ADDED from src/main/AndroidManifest.xml:11:22-64
application
ADDED from src/main/AndroidManifest.xml:19:5-66:19
MERGED from [com.prolificinteractive:material-calendarview:1.1.0] AndroidManifest.xml:12:5-20
MERGED from [com.android.support:support-v4:23.1.1] AndroidManifest.xml:22:5-20
MERGED from [com.android.support:appcompat-v7:23.1.1] AndroidManifest.xml:22:5-20
MERGED from [com.android.support:support-v4:23.1.1] AndroidManifest.xml:22:5-20
MERGED from [com.android.support:design:23.1.1] AndroidManifest.xml:22:5-20
MERGED from [com.android.support:appcompat-v7:23.1.1] AndroidManifest.xml:22:5-20
MERGED from [com.android.support:support-v4:23.1.1] AndroidManifest.xml:22:5-20
MERGED from [com.android.support:support-v4:23.1.1] AndroidManifest.xml:22:5-20
MERGED from [com.android.support:support-v4:23.1.1] AndroidManifest.xml:22:5-20
MERGED from [com.mcxiaoke.volley:library-aar:1.0.0] AndroidManifest.xml:5:5-19
MERGED from [de.hdodenhof:circleimageview:2.1.0] AndroidManifest.xml:9:5-20
MERGED from [com.github.traex.rippleeffect:library:1.3] AndroidManifest.xml:12:5-20
	android:label
		ADDED from src/main/AndroidManifest.xml:23:9-41
	android:allowBackup
		ADDED from src/main/AndroidManifest.xml:21:9-35
	android:icon
		ADDED from src/main/AndroidManifest.xml:22:9-45
	android:theme
		ADDED from src/main/AndroidManifest.xml:24:9-40
	android:name
		ADDED from src/main/AndroidManifest.xml:20:9-42
activity#info.androidhive.loginandregistration.activity.LoginActivity
ADDED from src/main/AndroidManifest.xml:25:9-35:20
	android:label
		ADDED from src/main/AndroidManifest.xml:27:13-45
	android:launchMode
		ADDED from src/main/AndroidManifest.xml:28:13-43
	android:windowSoftInputMode
		ADDED from src/main/AndroidManifest.xml:29:13-52
	android:name
		ADDED from src/main/AndroidManifest.xml:26:13-51
intent-filter#android.intent.action.MAIN+android.intent.category.LAUNCHER
ADDED from src/main/AndroidManifest.xml:30:13-34:29
action#android.intent.action.MAIN
ADDED from src/main/AndroidManifest.xml:31:17-69
	android:name
		ADDED from src/main/AndroidManifest.xml:31:25-66
category#android.intent.category.LAUNCHER
ADDED from src/main/AndroidManifest.xml:33:17-77
	android:name
		ADDED from src/main/AndroidManifest.xml:33:27-74
activity#info.androidhive.loginandregistration.activity.RegisterActivity
ADDED from src/main/AndroidManifest.xml:36:9-40:55
	android:label
		ADDED from src/main/AndroidManifest.xml:38:13-45
	android:launchMode
		ADDED from src/main/AndroidManifest.xml:39:13-43
	android:windowSoftInputMode
		ADDED from src/main/AndroidManifest.xml:40:13-52
	android:name
		ADDED from src/main/AndroidManifest.xml:37:13-54
activity#info.androidhive.loginandregistration.activity.SelectionActivity
ADDED from src/main/AndroidManifest.xml:41:9-43:46
	android:launchMode
		ADDED from src/main/AndroidManifest.xml:43:13-43
	android:name
		ADDED from src/main/AndroidManifest.xml:42:13-55
activity#info.androidhive.loginandregistration.activity.calendar
ADDED from src/main/AndroidManifest.xml:44:9-54:20
	android:label
		ADDED from src/main/AndroidManifest.xml:46:13-67
	android:parentActivityName
		ADDED from src/main/AndroidManifest.xml:47:13-69
	android:name
		ADDED from src/main/AndroidManifest.xml:45:13-46
meta-data#android.support.PARENT_ACTIVITY
ADDED from src/main/AndroidManifest.xml:51:13-53:55
	android:value
		ADDED from src/main/AndroidManifest.xml:53:17-52
	android:name
		ADDED from src/main/AndroidManifest.xml:52:17-63
activity#info.androidhive.loginandregistration.activity.mysessions
ADDED from src/main/AndroidManifest.xml:55:9-59:20
	android:name
		ADDED from src/main/AndroidManifest.xml:55:19-54
activity#info.androidhive.loginandregistration.activity.dashboard
ADDED from src/main/AndroidManifest.xml:60:9-88
	android:launchMode
		ADDED from src/main/AndroidManifest.xml:60:55-85
	android:name
		ADDED from src/main/AndroidManifest.xml:60:19-53
activity#info.androidhive.loginandregistration.activity.settings
ADDED from src/main/AndroidManifest.xml:61:9-65:20
	android:name
		ADDED from src/main/AndroidManifest.xml:61:19-52